<?xml version="1.0" encoding="UTF-8"?>
<testsuite name="TestaCliente" tests="1" skipped="0" failures="0" errors="0" timestamp="2023-09-21T15:39:30" hostname="DESKTOP-AHOCGF1" time="2.061">
  <properties/>
  <testcase name="Quando solicitar a exclusÃ£o de todos os clientes, deverÃ¡ retornar que todos os clientes foram removidos" classname="TestaCliente" time="2.061"/>
  <system-out><![CDATA[]]></system-out>
  <system-err><![CDATA[]]></system-err>
</testsuite>
